19:52:07,442 INFO  [Server] Starting JBoss (MX MicroKernel)...
19:52:07,442 INFO  [Server] Release ID: JBoss [Trinity] 4.2.2.GA (build: SVNTag=JBoss_4_2_2_GA date=200710221139)
19:52:07,442 DEBUG [Server] Using config: org.jboss.system.server.ServerConfigImpl@f28ccdf
19:52:07,442 DEBUG [Server] Server type: class org.jboss.system.server.ServerImpl
19:52:07,442 DEBUG [Server] Server loaded through: org.jboss.system.server.NoAnnotationURLClassLoader
19:52:07,442 DEBUG [Server] Boot URLs:
19:52:07,442 DEBUG [Server]   file:/C:/NEED-EXAMPLES/jboss-4.2.2.GA/lib/endorsed/serializer.jar
19:52:07,442 DEBUG [Server]   file:/C:/NEED-EXAMPLES/jboss-4.2.2.GA/lib/endorsed/xalan.jar
19:52:07,442 DEBUG [Server]   file:/C:/NEED-EXAMPLES/jboss-4.2.2.GA/lib/endorsed/xercesImpl.jar
19:52:07,442 DEBUG [Server]   file:/C:/NEED-EXAMPLES/jboss-4.2.2.GA/lib/jboss-jmx.jar
19:52:07,442 DEBUG [Server]   file:/C:/NEED-EXAMPLES/jboss-4.2.2.GA/lib/concurrent.jar
19:52:07,442 DEBUG [Server]   file:/C:/NEED-EXAMPLES/jboss-4.2.2.GA/lib/log4j-boot.jar
19:52:07,442 DEBUG [Server]   file:/C:/NEED-EXAMPLES/jboss-4.2.2.GA/lib/jboss-common.jar
19:52:07,442 DEBUG [Server]   file:/C:/NEED-EXAMPLES/jboss-4.2.2.GA/lib/jboss-system.jar
19:52:07,442 DEBUG [Server]   file:/C:/NEED-EXAMPLES/jboss-4.2.2.GA/lib/jboss-xml-binding.jar
19:52:07,442 INFO  [Server] Home Dir: C:\NEED-EXAMPLES\jboss-4.2.2.GA
19:52:07,442 INFO  [Server] Home URL: file:/C:/NEED-EXAMPLES/jboss-4.2.2.GA/
19:52:07,442 DEBUG [Server] Library URL: file:/C:/NEED-EXAMPLES/jboss-4.2.2.GA/lib/
19:52:07,457 INFO  [Server] Patch URL: null
19:52:07,457 INFO  [Server] Server Name: jboss-example
19:52:07,457 INFO  [Server] Server Home Dir: C:\NEED-EXAMPLES\jboss-4.2.2.GA\server\jboss-example
19:52:07,457 INFO  [Server] Server Home URL: file:/C:/NEED-EXAMPLES/jboss-4.2.2.GA/server/jboss-example/
19:52:07,457 INFO  [Server] Server Log Dir: C:\NEED-EXAMPLES\jboss-4.2.2.GA\server\jboss-example\log
19:52:07,457 DEBUG [Server] Server Data Dir: C:\NEED-EXAMPLES\jboss-4.2.2.GA\server\jboss-example\data
19:52:07,457 INFO  [Server] Server Temp Dir: C:\NEED-EXAMPLES\jboss-4.2.2.GA\server\jboss-example\tmp
19:52:07,457 DEBUG [Server] Server Config URL: file:/C:/NEED-EXAMPLES/jboss-4.2.2.GA/server/jboss-example/conf/
19:52:07,457 DEBUG [Server] Server Library URL: file:/C:/NEED-EXAMPLES/jboss-4.2.2.GA/server/jboss-example/lib/
19:52:07,457 INFO  [Server] Root Deployment Filename: jboss-service.xml
19:52:07,473 DEBUG [Server] Starting General Purpose Architecture (GPA)...
19:52:07,973 DEBUG [Server] Created MBeanServer: org.jboss.mx.server.MBeanServerImpl@62cc70f8[ defaultDomain='jboss' ]
19:52:08,051 DEBUG [Server] Boot url list: [file:/C:/NEED-EXAMPLES/jboss-4.2.2.GA/server/jboss-example/conf/]
19:52:08,051 DEBUG [Server] Creating loader for URL: file:/C:/NEED-EXAMPLES/jboss-4.2.2.GA/server/jboss-example/conf/
19:52:08,051 DEBUG [RepositoryClassLoader] setRepository, repository=org.jboss.mx.loading.UnifiedLoaderRepository3@6d516432, cl=org.jboss.mx.loading.UnifiedClassLoader3@7a8946af{ url=file:/C:/NEED-EXAMPLES/jboss-4.2.2.GA/server/jboss-example/conf/ ,addedOrder=0}
19:52:08,051 DEBUG [RepositoryClassLoader] setRepository, repository=org.jboss.mx.loading.UnifiedLoaderRepository3@6d516432, cl=org.jboss.mx.loading.UnifiedClassLoader3@7a8946af{ url=file:/C:/NEED-EXAMPLES/jboss-4.2.2.GA/server/jboss-example/conf/ ,addedOrder=0}
19:52:08,051 DEBUG [UnifiedLoaderRepository3] Adding org.jboss.mx.loading.UnifiedClassLoader3@7a8946af{ url=file:/C:/NEED-EXAMPLES/jboss-4.2.2.GA/server/jboss-example/conf/ ,addedOrder=0}
19:52:08,614 DEBUG [Server] Failed to create xmbean for: org.jboss.system.server.ServerInfo
19:52:08,629 INFO  [ServerInfo] Java version: 1.7.0_04,Oracle Corporation
19:52:08,629 INFO  [ServerInfo] Java VM: Java HotSpot(TM) 64-Bit Server VM 23.0-b21,Oracle Corporation
19:52:08,629 INFO  [ServerInfo] OS-System: Windows NT (unknown) 6.2,amd64
19:52:08,629 DEBUG [ServerInfo] Full System Properties Dump
19:52:08,629 DEBUG [ServerInfo]     java.vendor: Oracle Corporation
19:52:08,629 DEBUG [ServerInfo]     sun.java.launcher: SUN_STANDARD
19:52:08,629 DEBUG [ServerInfo]     sun.management.compiler: HotSpot 64-Bit Tiered Compilers
19:52:08,629 DEBUG [ServerInfo]     os.name: Windows NT (unknown)
19:52:08,629 DEBUG [ServerInfo]     sun.boot.class.path: C:\NEED-EXAMPLES\jboss-4.2.2.GA\lib\endorsed\serializer.jar;C:\NEED-EXAMPLES\jboss-4.2.2.GA\lib\endorsed\xalan.jar;C:\NEED-EXAMPLES\jboss-4.2.2.GA\lib\endorsed\xercesImpl.jar;C:\Program Files\Java\jdk1.7.0_04\jre\lib\resources.jar;C:\Program Files\Java\jdk1.7.0_04\jre\lib\rt.jar;C:\Program Files\Java\jdk1.7.0_04\jre\lib\sunrsasign.jar;C:\Program Files\Java\jdk1.7.0_04\jre\lib\jsse.jar;C:\Program Files\Java\jdk1.7.0_04\jre\lib\jce.jar;C:\Program Files\Java\jdk1.7.0_04\jre\lib\charsets.jar;C:\Program Files\Java\jdk1.7.0_04\jre\lib\jfr.jar;C:\Program Files\Java\jdk1.7.0_04\jre\classes
19:52:08,629 DEBUG [ServerInfo]     sun.desktop: windows
19:52:08,629 DEBUG [ServerInfo]     java.vm.specification.vendor: Oracle Corporation
19:52:08,629 DEBUG [ServerInfo]     java.runtime.version: 1.7.0_04-b22
19:52:08,629 DEBUG [ServerInfo]     user.name: Praveenkumar
19:52:08,629 DEBUG [ServerInfo]     jboss.bind.address: 0.0.0.0
19:52:08,629 DEBUG [ServerInfo]     jboss.home.dir: C:\NEED-EXAMPLES\jboss-4.2.2.GA
19:52:08,629 DEBUG [ServerInfo]     user.language: en
19:52:08,629 DEBUG [ServerInfo]     sun.boot.library.path: C:\Program Files\Java\jdk1.7.0_04\jre\bin
19:52:08,629 DEBUG [ServerInfo]     jboss.home.url: file:/C:/NEED-EXAMPLES/jboss-4.2.2.GA/
19:52:08,629 DEBUG [ServerInfo]     java.version: 1.7.0_04
19:52:08,629 DEBUG [ServerInfo]     user.timezone: Asia/Calcutta
19:52:08,629 DEBUG [ServerInfo]     jboss.server.home.dir: C:\NEED-EXAMPLES\jboss-4.2.2.GA\server\jboss-example
19:52:08,629 DEBUG [ServerInfo]     jgroups.bind_addr: BABEGIRL
19:52:08,629 DEBUG [ServerInfo]     sun.arch.data.model: 64
19:52:08,629 DEBUG [ServerInfo]     java.endorsed.dirs: C:\NEED-EXAMPLES\jboss-4.2.2.GA\lib\endorsed
19:52:08,629 DEBUG [ServerInfo]     jboss.server.home.url: file:/C:/NEED-EXAMPLES/jboss-4.2.2.GA/server/jboss-example/
19:52:08,629 DEBUG [ServerInfo]     sun.cpu.isalist: amd64
19:52:08,629 DEBUG [ServerInfo]     sun.jnu.encoding: Cp1252
19:52:08,629 DEBUG [ServerInfo]     file.encoding.pkg: sun.io
19:52:08,645 DEBUG [ServerInfo]     file.separator: \
19:52:08,645 DEBUG [ServerInfo]     java.specification.name: Java Platform API Specification
19:52:08,645 DEBUG [ServerInfo]     java.class.version: 51.0
19:52:08,645 DEBUG [ServerInfo]     jboss.server.config.url: file:/C:/NEED-EXAMPLES/jboss-4.2.2.GA/server/jboss-example/conf/
19:52:08,645 DEBUG [ServerInfo]     user.country: IN
19:52:08,645 DEBUG [ServerInfo]     java.home: C:\Program Files\Java\jdk1.7.0_04\jre
19:52:08,645 DEBUG [ServerInfo]     java.vm.info: mixed mode
19:52:08,645 DEBUG [ServerInfo]     jboss.lib.url: file:/C:/NEED-EXAMPLES/jboss-4.2.2.GA/lib/
19:52:08,645 DEBUG [ServerInfo]     bind.address: BABEGIRL
19:52:08,645 DEBUG [ServerInfo]     os.version: 6.2
19:52:08,645 DEBUG [ServerInfo]     path.separator: ;
19:52:08,645 DEBUG [ServerInfo]     java.vm.version: 23.0-b21
19:52:08,645 DEBUG [ServerInfo]     user.variant: 
19:52:08,645 DEBUG [ServerInfo]     java.protocol.handler.pkgs: org.jboss.net.protocol
19:52:08,645 DEBUG [ServerInfo]     java.awt.printerjob: sun.awt.windows.WPrinterJob
19:52:08,645 DEBUG [ServerInfo]     sun.io.unicode.encoding: UnicodeLittle
19:52:08,645 DEBUG [ServerInfo]     awt.toolkit: sun.awt.windows.WToolkit
19:52:08,645 DEBUG [ServerInfo]     user.script: 
19:52:08,645 DEBUG [ServerInfo]     jboss.server.temp.dir: C:\NEED-EXAMPLES\jboss-4.2.2.GA\server\jboss-example\tmp
19:52:08,645 DEBUG [ServerInfo]     user.home: C:\Users\Praveenkumar
19:52:08,645 DEBUG [ServerInfo]     java.specification.vendor: Oracle Corporation
19:52:08,645 DEBUG [ServerInfo]     java.library.path: C:\Program Files\Java\jdk1.7.0_04\bin;C:\WINDOWS\Sun\Java\bin;C:\WINDOWS\system32;C:\WINDOWS;C:\Program Files\Java\jdk1.7.0_04\bin;C:\Program Files\Microsoft\Web Platform Installer\;C:\Program Files (x86)\Microsoft ASP.NET\ASP.NET Web Pages\v1.0\;C:\Program Files\Microsoft SQL Server\110\Tools\Binn\;C:\Program Files (x86)\Windows Kits\8.0\Windows Performance Toolkit\;C:\Program Files (x86)\QuickTime\QTSystem\;C:\WINDOWS\system32;C:\WINDOWS;C:\WINDOWS\System32\Wbem;C:\WINDOWS\System32\WindowsPowerShell\v1.0\;C:\apache-maven-2.0.9\bin;.
19:52:08,645 DEBUG [ServerInfo]     java.vendor.url: http://java.oracle.com/
19:52:08,645 DEBUG [ServerInfo]     java.vm.vendor: Oracle Corporation
19:52:08,645 DEBUG [ServerInfo]     java.runtime.name: Java(TM) SE Runtime Environment
19:52:08,645 DEBUG [ServerInfo]     sun.java.command: org.jboss.Main -c jboss-example -b 0.0.0.0
19:52:08,645 DEBUG [ServerInfo]     java.class.path: C:\Program Files\Java\jdk1.7.0_04\lib\tools.jar;C:\NEED-EXAMPLES\jboss-4.2.2.GA\bin\run.jar
19:52:08,645 DEBUG [ServerInfo]     jboss.server.log.dir: C:\NEED-EXAMPLES\jboss-4.2.2.GA\server\jboss-example\log
19:52:08,645 DEBUG [ServerInfo]     jbossmx.loader.repository.class: org.jboss.mx.loading.UnifiedLoaderRepository3
19:52:08,645 DEBUG [ServerInfo]     java.vm.specification.name: Java Virtual Machine Specification
19:52:08,645 DEBUG [ServerInfo]     java.vm.specification.version: 1.7
19:52:08,645 DEBUG [ServerInfo]     sun.cpu.endian: little
19:52:08,645 DEBUG [ServerInfo]     sun.os.patch.level: 
19:52:08,645 DEBUG [ServerInfo]     jboss.server.lib.url: file:/C:/NEED-EXAMPLES/jboss-4.2.2.GA/server/jboss-example/lib/
19:52:08,645 DEBUG [ServerInfo]     java.io.tmpdir: C:\Users\PRAVEE~1\AppData\Local\Temp\
19:52:08,645 DEBUG [ServerInfo]     java.vendor.url.bug: http://bugreport.sun.com/bugreport/
19:52:08,645 DEBUG [ServerInfo]     jboss.server.data.dir: C:\NEED-EXAMPLES\jboss-4.2.2.GA\server\jboss-example\data
19:52:08,645 DEBUG [ServerInfo]     java.rmi.server.hostname: BABEGIRL
19:52:08,645 DEBUG [ServerInfo]     os.arch: amd64
19:52:08,645 DEBUG [ServerInfo]     java.awt.graphicsenv: sun.awt.Win32GraphicsEnvironment
19:52:08,645 DEBUG [ServerInfo]     java.ext.dirs: C:\Program Files\Java\jdk1.7.0_04\jre\lib\ext;C:\WINDOWS\Sun\Java\lib\ext
19:52:08,645 DEBUG [ServerInfo]     user.dir: C:\NEED-EXAMPLES\jboss-4.2.2.GA\server\jboss-example
19:52:08,645 DEBUG [ServerInfo]     line.separator: 

19:52:08,645 DEBUG [ServerInfo]     java.vm.name: Java HotSpot(TM) 64-Bit Server VM
19:52:08,645 DEBUG [ServerInfo]     jboss.server.base.dir: C:\NEED-EXAMPLES\jboss-4.2.2.GA\server
19:52:08,645 DEBUG [ServerInfo]     jboss.server.base.url: file:/C:/NEED-EXAMPLES/jboss-4.2.2.GA/server/
19:52:08,645 DEBUG [ServerInfo]     javax.management.builder.initial: org.jboss.mx.server.MBeanServerBuilderImpl
19:52:08,645 DEBUG [ServerInfo]     file.encoding: Cp1252
19:52:08,645 DEBUG [ServerInfo]     java.specification.version: 1.7
19:52:08,645 DEBUG [ServerInfo]     jboss.server.name: jboss-example
19:52:08,879 DEBUG [Server] Created system MBean: jboss.system:type=ServerInfo
19:52:08,911 DEBUG [Server] Failed to create xmbean for: org.jboss.system.ServiceController
19:52:09,114 DEBUG [ServiceController] Controller MBean online
19:52:09,114 DEBUG [Server] Created system MBean: jboss.system:service=ServiceController
19:52:09,364 DEBUG [Server] Created system XMBean: jboss.system:service=MainDeployer
19:52:09,364 DEBUG [ServiceController] Creating service jboss.system:service=MainDeployer
19:52:09,364 DEBUG [MainDeployer] Creating jboss.system:service=MainDeployer
19:52:09,536 DEBUG [MainDeployer] Created jboss.system:service=MainDeployer
19:52:09,536 DEBUG [ServiceController] Creating dependent components for: jboss.system:service=MainDeployer dependents are: []
19:52:09,536 DEBUG [ServiceController] starting service jboss.system:service=MainDeployer
19:52:09,536 DEBUG [MainDeployer] Starting jboss.system:service=MainDeployer
19:52:09,536 DEBUG [MainDeployer] Started jboss.system:service=MainDeployer
19:52:09,536 DEBUG [ServiceController] Starting dependent components for: jboss.system:service=MainDeployer dependent components: []
19:52:09,536 DEBUG [Server] Shutdown hook added
19:52:09,692 DEBUG [Server] Created system XMBean: jboss.system:service=JARDeployer
19:52:09,692 DEBUG [ServiceController] Creating service jboss.system:service=JARDeployer
19:52:09,692 DEBUG [JARDeployer] Creating jboss.system:service=JARDeployer
19:52:09,739 DEBUG [JARDeployer] Created jboss.system:service=JARDeployer
19:52:09,739 DEBUG [ServiceController] Creating dependent components for: jboss.system:service=JARDeployer dependents are: []
19:52:09,739 DEBUG [ServiceController] starting service jboss.system:service=JARDeployer
19:52:09,754 DEBUG [JARDeployer] Starting jboss.system:service=JARDeployer
19:52:09,754 DEBUG [MainDeployer] Adding deployer: org.jboss.deployment.JARDeployer@66d6f833
19:52:09,754 DEBUG [SuffixOrderHelper] Static suffix exists; ignoring request for adding enhanced suffix: 700:.jar
19:52:09,754 DEBUG [JARDeployer] Started jboss.system:service=JARDeployer
19:52:09,754 DEBUG [ServiceController] Starting dependent components for: jboss.system:service=JARDeployer dependent components: []
19:52:09,864 DEBUG [Server] Created system XMBean: jboss.system:service=ServiceDeployer
19:52:09,864 DEBUG [ServiceController] Creating service jboss.system:service=ServiceDeployer
19:52:09,864 DEBUG [SARDeployer] Creating jboss.system:service=ServiceDeployer
19:52:09,879 DEBUG [SARDeployer] Created jboss.system:service=ServiceDeployer
19:52:09,879 DEBUG [ServiceController] Creating dependent components for: jboss.system:service=ServiceDeployer dependents are: []
19:52:09,879 DEBUG [ServiceController] starting service jboss.system:service=ServiceDeployer
19:52:09,895 DEBUG [SARDeployer] Starting jboss.system:service=ServiceDeployer
19:52:09,895 DEBUG [MainDeployer] Adding deployer: org.jboss.deployment.SARDeployer@2bec0b9d
19:52:09,911 DEBUG [SARDeployer] Started jboss.system:service=ServiceDeployer
19:52:09,911 DEBUG [ServiceController] Starting dependent components for: jboss.system:service=ServiceDeployer dependent components: []
19:52:09,911 INFO  [Server] Core system initialized
19:52:09,957 DEBUG [MainDeployer] Starting deployment of package: file:/C:/NEED-EXAMPLES/jboss-4.2.2.GA/server/jboss-example/conf/jboss-service.xml
19:52:09,957 DEBUG [MainDeployer] Starting deployment (init step) of package at: file:/C:/NEED-EXAMPLES/jboss-4.2.2.GA/server/jboss-example/conf/jboss-service.xml
19:52:10,020 DEBUG [MainDeployer] Copying file:/C:/NEED-EXAMPLES/jboss-4.2.2.GA/server/jboss-example/conf/jboss-service.xml -> C:\NEED-EXAMPLES\jboss-4.2.2.GA\server\jboss-example\tmp\deploy\tmp999438008148946942jboss-service.xml
19:52:10,036 DEBUG [MainDeployer] using deployer org.jboss.deployment.SARDeployer@2bec0b9d
19:52:10,161 DEBUG [SARDeployer] Found classpath element: [classpath: null]
19:52:10,192 DEBUG [SARDeployer] codebase URL is file:/C:/NEED-EXAMPLES/jboss-4.2.2.GA/server/jboss-example/lib/
19:52:10,192 DEBUG [SARDeployer] listing codebase for archives matching *
19:52:10,192 DEBUG [SARDeployer] URLLister class is org.jboss.net.protocol.file.FileURLLister
19:52:10,254 DEBUG [SARDeployer] deployed classes for file:/C:/NEED-EXAMPLES/jboss-4.2.2.GA/server/jboss-example/lib/activation.jar
19:52:10,254 DEBUG [SARDeployer] deployed classes for file:/C:/NEED-EXAMPLES/jboss-4.2.2.GA/server/jboss-example/lib/antlr.jar
19:52:10,254 DEBUG [SARDeployer] deployed classes for file:/C:/NEED-EXAMPLES/jboss-4.2.2.GA/server/jboss-example/lib/autonumber-plugin.jar
19:52:10,254 DEBUG [SARDeployer] deployed classes for file:/C:/NEED-EXAMPLES/jboss-4.2.2.GA/server/jboss-example/lib/bcel.jar
19:52:10,254 DEBUG [SARDeployer] deployed classes for file:/C:/NEED-EXAMPLES/jboss-4.2.2.GA/server/jboss-example/lib/bindingservice-plugin.jar
19:52:10,254 DEBUG [SARDeployer] deployed classes for file:/C:/NEED-EXAMPLES/jboss-4.2.2.GA/server/jboss-example/lib/bsf.jar
19:52:10,254 DEBUG [SARDeployer] deployed classes for file:/C:/NEED-EXAMPLES/jboss-4.2.2.GA/server/jboss-example/lib/bsh-deployer.jar
19:52:10,254 DEBUG [SARDeployer] deployed classes for file:/C:/NEED-EXAMPLES/jboss-4.2.2.GA/server/jboss-example/lib/bsh.jar
19:52:10,254 DEBUG [SARDeployer] deployed classes for file:/C:/NEED-EXAMPLES/jboss-4.2.2.GA/server/jboss-example/lib/cglib.jar
19:52:10,254 DEBUG [SARDeployer] deployed classes for file:/C:/NEED-EXAMPLES/jboss-4.2.2.GA/server/jboss-example/lib/commons-codec.jar
19:52:10,254 DEBUG [SARDeployer] deployed classes for file:/C:/NEED-EXAMPLES/jboss-4.2.2.GA/server/jboss-example/lib/commons-collections.jar
19:52:10,254 DEBUG [SARDeployer] deployed classes for file:/C:/NEED-EXAMPLES/jboss-4.2.2.GA/server/jboss-example/lib/commons-httpclient.jar
19:52:10,254 DEBUG [SARDeployer] deployed classes for file:/C:/NEED-EXAMPLES/jboss-4.2.2.GA/server/jboss-example/lib/commons-logging.jar
19:52:10,254 DEBUG [SARDeployer] deployed classes for file:/C:/NEED-EXAMPLES/jboss-4.2.2.GA/server/jboss-example/lib/dom4j.jar
19:52:10,254 DEBUG [SARDeployer] deployed classes for file:/C:/NEED-EXAMPLES/jboss-4.2.2.GA/server/jboss-example/lib/el-api.jar
19:52:10,254 DEBUG [SARDeployer] deployed classes for file:/C:/NEED-EXAMPLES/jboss-4.2.2.GA/server/jboss-example/lib/javassist.jar
19:52:10,254 DEBUG [SARDeployer] deployed classes for file:/C:/NEED-EXAMPLES/jboss-4.2.2.GA/server/jboss-example/lib/jaxen.jar
19:52:10,254 DEBUG [SARDeployer] deployed classes for file:/C:/NEED-EXAMPLES/jboss-4.2.2.GA/server/jboss-example/lib/jboss-cache-jdk50.jar
19:52:10,254 DEBUG [SARDeployer] deployed classes for file:/C:/NEED-EXAMPLES/jboss-4.2.2.GA/server/jboss-example/lib/jboss-common-jdbc-wrapper.jar
19:52:10,254 DEBUG [SARDeployer] deployed classes for file:/C:/NEED-EXAMPLES/jboss-4.2.2.GA/server/jboss-example/lib/jboss-ejb3x.jar
19:52:10,254 DEBUG [SARDeployer] deployed classes for file:/C:/NEED-EXAMPLES/jboss-4.2.2.GA/server/jboss-example/lib/jboss-hibernate.jar
19:52:10,254 DEBUG [SARDeployer] deployed classes for file:/C:/NEED-EXAMPLES/jboss-4.2.2.GA/server/jboss-example/lib/jboss-j2ee.jar
19:52:10,254 DEBUG [SARDeployer] deployed classes for file:/C:/NEED-EXAMPLES/jboss-4.2.2.GA/server/jboss-example/lib/jboss-jaxrpc.jar
19:52:10,254 DEBUG [SARDeployer] deployed classes for file:/C:/NEED-EXAMPLES/jboss-4.2.2.GA/server/jboss-example/lib/jboss-jaxws.jar
19:52:10,254 DEBUG [SARDeployer] deployed classes for file:/C:/NEED-EXAMPLES/jboss-4.2.2.GA/server/jboss-example/lib/jboss-jca.jar
19:52:10,254 DEBUG [SARDeployer] deployed classes for file:/C:/NEED-EXAMPLES/jboss-4.2.2.GA/server/jboss-example/lib/jboss-jsr77.jar
19:52:10,254 DEBUG [SARDeployer] deployed classes for file:/C:/NEED-EXAMPLES/jboss-4.2.2.GA/server/jboss-example/lib/jboss-jsr88.jar
19:52:10,254 DEBUG [SARDeployer] deployed classes for file:/C:/NEED-EXAMPLES/jboss-4.2.2.GA/server/jboss-example/lib/jboss-management.jar
19:52:10,254 DEBUG [SARDeployer] deployed classes for file:/C:/NEED-EXAMPLES/jboss-4.2.2.GA/server/jboss-example/lib/jboss-monitoring.jar
19:52:10,254 DEBUG [SARDeployer] deployed classes for file:/C:/NEED-EXAMPLES/jboss-4.2.2.GA/server/jboss-example/lib/jboss-remoting-int.jar
19:52:10,254 DEBUG [SARDeployer] deployed classes for file:/C:/NEED-EXAMPLES/jboss-4.2.2.GA/server/jboss-example/lib/jboss-remoting.jar
19:52:10,254 DEBUG [SARDeployer] deployed classes for file:/C:/NEED-EXAMPLES/jboss-4.2.2.GA/server/jboss-example/lib/jboss-saaj.jar
19:52:10,254 DEBUG [SARDeployer] deployed classes for file:/C:/NEED-EXAMPLES/jboss-4.2.2.GA/server/jboss-example/lib/jboss-serialization.jar
19:52:10,254 DEBUG [SARDeployer] deployed classes for file:/C:/NEED-EXAMPLES/jboss-4.2.2.GA/server/jboss-example/lib/jboss-srp.jar
19:52:10,254 DEBUG [SARDeployer] deployed classes for file:/C:/NEED-EXAMPLES/jboss-4.2.2.GA/server/jboss-example/lib/jboss-transaction.jar
19:52:10,254 DEBUG [SARDeployer] deployed classes for file:/C:/NEED-EXAMPLES/jboss-4.2.2.GA/server/jboss-example/lib/jboss-vfs.jar
19:52:10,254 DEBUG [SARDeployer] deployed classes for file:/C:/NEED-EXAMPLES/jboss-4.2.2.GA/server/jboss-example/lib/jboss.jar
19:52:10,254 DEBUG [SARDeployer] deployed classes for file:/C:/NEED-EXAMPLES/jboss-4.2.2.GA/server/jboss-example/lib/jbossjta-integration.jar
19:52:10,254 DEBUG [SARDeployer] deployed classes for file:/C:/NEED-EXAMPLES/jboss-4.2.2.GA/server/jboss-example/lib/jbossjta.jar
19:52:10,254 DEBUG [SARDeployer] deployed classes for file:/C:/NEED-EXAMPLES/jboss-4.2.2.GA/server/jboss-example/lib/jbossmq.jar
19:52:10,254 DEBUG [SARDeployer] deployed classes for file:/C:/NEED-EXAMPLES/jboss-4.2.2.GA/server/jboss-example/lib/jbosssx.jar
19:52:10,254 DEBUG [SARDeployer] deployed classes for file:/C:/NEED-EXAMPLES/jboss-4.2.2.GA/server/jboss-example/lib/jbossts-common.jar
19:52:10,254 DEBUG [SARDeployer] deployed classes for file:/C:/NEED-EXAMPLES/jboss-4.2.2.GA/server/jboss-example/lib/jbossws-common.jar
19:52:10,254 DEBUG [SARDeployer] deployed classes for file:/C:/NEED-EXAMPLES/jboss-4.2.2.GA/server/jboss-example/lib/jbossws-framework.jar
19:52:10,254 DEBUG [SARDeployer] deployed classes for file:/C:/NEED-EXAMPLES/jboss-4.2.2.GA/server/jboss-example/lib/jbossws-jboss42.jar
19:52:10,254 DEBUG [SARDeployer] deployed classes for file:/C:/NEED-EXAMPLES/jboss-4.2.2.GA/server/jboss-example/lib/jbossws-spi.jar
19:52:10,254 DEBUG [SARDeployer] deployed classes for file:/C:/NEED-EXAMPLES/jboss-4.2.2.GA/server/jboss-example/lib/jmx-adaptor-plugin.jar
19:52:10,270 DEBUG [SARDeployer] deployed classes for file:/C:/NEED-EXAMPLES/jboss-4.2.2.GA/server/jboss-example/lib/jnpserver.jar
19:52:10,270 DEBUG [SARDeployer] deployed classes for file:/C:/NEED-EXAMPLES/jboss-4.2.2.GA/server/jboss-example/lib/joesnmp.jar
19:52:10,270 DEBUG [SARDeployer] deployed classes for file:/C:/NEED-EXAMPLES/jboss-4.2.2.GA/server/jboss-example/lib/jpl-pattern.jar
19:52:10,270 DEBUG [SARDeployer] deployed classes for file:/C:/NEED-EXAMPLES/jboss-4.2.2.GA/server/jboss-example/lib/jpl-util.jar
19:52:10,270 DEBUG [SARDeployer] deployed classes for file:/C:/NEED-EXAMPLES/jboss-4.2.2.GA/server/jboss-example/lib/jsp-api.jar
19:52:10,270 DEBUG [SARDeployer] deployed classes for file:/C:/NEED-EXAMPLES/jboss-4.2.2.GA/server/jboss-example/lib/log4j-snmp-appender.jar
19:52:10,270 DEBUG [SARDeployer] deployed classes for file:/C:/NEED-EXAMPLES/jboss-4.2.2.GA/server/jboss-example/lib/log4j.jar
19:52:10,270 DEBUG [SARDeployer] deployed classes for file:/C:/NEED-EXAMPLES/jboss-4.2.2.GA/server/jboss-example/lib/mail-plugin.jar
19:52:10,270 DEBUG [SARDeployer] deployed classes for file:/C:/NEED-EXAMPLES/jboss-4.2.2.GA/server/jboss-example/lib/mail.jar
19:52:10,270 DEBUG [SARDeployer] deployed classes for file:/C:/NEED-EXAMPLES/jboss-4.2.2.GA/server/jboss-example/lib/mysql-connector-java-5.1.14.jar
19:52:10,270 DEBUG [SARDeployer] deployed classes for file:/C:/NEED-EXAMPLES/jboss-4.2.2.GA/server/jboss-example/lib/properties-plugin.jar
19:52:10,270 DEBUG [SARDeployer] deployed classes for file:/C:/NEED-EXAMPLES/jboss-4.2.2.GA/server/jboss-example/lib/quartz.jar
19:52:10,270 DEBUG [SARDeployer] deployed classes for file:/C:/NEED-EXAMPLES/jboss-4.2.2.GA/server/jboss-example/lib/scheduler-plugin-example.jar
19:52:10,270 DEBUG [SARDeployer] deployed classes for file:/C:/NEED-EXAMPLES/jboss-4.2.2.GA/server/jboss-example/lib/scheduler-plugin.jar
19:52:10,270 DEBUG [SARDeployer] deployed classes for file:/C:/NEED-EXAMPLES/jboss-4.2.2.GA/server/jboss-example/lib/servlet-api.jar
19:52:10,270 DEBUG [SARDeployer] deployed classes for file:/C:/NEED-EXAMPLES/jboss-4.2.2.GA/server/jboss-example/lib/xmlentitymgr.jar
19:52:10,270 DEBUG [SARDeployer] about to copy 0 local directories
19:52:10,270 DEBUG [SARDeployer] looking for nested deployments in : file:/C:/NEED-EXAMPLES/jboss-4.2.2.GA/server/jboss-example/conf/jboss-service.xml
19:52:10,286 DEBUG [DeploymentInfo] createLoaderRepository from config: LoaderRepositoryConfig(repositoryName: JMImplementation:service=LoaderRepository,name=Default, repositoryClassName: null, configParserClassName: null, repositoryConfig: null)
19:52:10,286 DEBUG [RepositoryClassLoader] setRepository, repository=org.jboss.mx.loading.UnifiedLoaderRepository3@6d516432, cl=org.jboss.mx.loading.UnifiedClassLoader3@47b1ee4{ url=null ,addedOrder=0}
19:52:10,286 DEBUG [RepositoryClassLoader] setRepository, repository=org.jboss.mx.loading.UnifiedLoaderRepository3@6d516432, cl=org.jboss.mx.loading.UnifiedClassLoader3@47b1ee4{ url=null ,addedOrder=0}
19:52:10,286 DEBUG [UnifiedLoaderRepository3] Adding org.jboss.mx.loading.UnifiedClassLoader3@47b1ee4{ url=null ,addedOrder=0}
19:52:10,317 DEBUG [RepositoryClassLoader] Added url: file:/C:/NEED-EXAMPLES/jboss-4.2.2.GA/server/jboss-example/lib/activation.jar, to ucl: org.jboss.mx.loading.UnifiedClassLoader3@47b1ee4{ url=null ,addedOrder=2}
19:52:10,411 DEBUG [RepositoryClassLoader] Added url: file:/C:/NEED-EXAMPLES/jboss-4.2.2.GA/server/jboss-example/lib/antlr.jar, to ucl: org.jboss.mx.loading.UnifiedClassLoader3@47b1ee4{ url=null ,addedOrder=2}
19:52:10,411 DEBUG [RepositoryClassLoader] Added url: file:/C:/NEED-EXAMPLES/jboss-4.2.2.GA/server/jboss-example/lib/autonumber-plugin.jar, to ucl: org.jboss.mx.loading.UnifiedClassLoader3@47b1ee4{ url=null ,addedOrder=2}
19:52:10,536 DEBUG [RepositoryClassLoader] Added url: file:/C:/NEED-EXAMPLES/jboss-4.2.2.GA/server/jboss-example/lib/bcel.jar, to ucl: org.jboss.mx.loading.UnifiedClassLoader3@47b1ee4{ url=null ,addedOrder=2}
19:52:10,551 DEBUG [RepositoryClassLoader] Added url: file:/C:/NEED-EXAMPLES/jboss-4.2.2.GA/server/jboss-example/lib/bindingservice-plugin.jar, to ucl: org.jboss.mx.loading.UnifiedClassLoader3@47b1ee4{ url=null ,addedOrder=2}
19:52:10,614 DEBUG [RepositoryClassLoader] Added url: file:/C:/NEED-EXAMPLES/jboss-4.2.2.GA/server/jboss-example/lib/bsf.jar, to ucl: org.jboss.mx.loading.UnifiedClassLoader3@47b1ee4{ url=null ,addedOrder=2}
19:52:10,645 DEBUG [RepositoryClassLoader] Added url: file:/C:/NEED-EXAMPLES/jboss-4.2.2.GA/server/jboss-example/lib/bsh-deployer.jar, to ucl: org.jboss.mx.loading.UnifiedClassLoader3@47b1ee4{ url=null ,addedOrder=2}
19:52:10,676 DEBUG [RepositoryClassLoader] Added url: file:/C:/NEED-EXAMPLES/jboss-4.2.2.GA/server/jboss-example/lib/bsh.jar, to ucl: org.jboss.mx.loading.UnifiedClassLoader3@47b1ee4{ url=null ,addedOrder=2}
19:52:10,692 DEBUG [ClassLoaderUtils] Multiple class loaders found for pkg: 
19:52:10,786 DEBUG [RepositoryClassLoader] Added url: file:/C:/NEED-EXAMPLES/jboss-4.2.2.GA/server/jboss-example/lib/cglib.jar, to ucl: org.jboss.mx.loading.UnifiedClassLoader3@47b1ee4{ url=null ,addedOrder=2}
19:52:10,801 DEBUG [RepositoryClassLoader] Added url: file:/C:/NEED-EXAMPLES/jboss-4.2.2.GA/server/jboss-example/lib/commons-codec.jar, to ucl: org.jboss.mx.loading.UnifiedClassLoader3@47b1ee4{ url=null ,addedOrder=2}
19:52:10,926 DEBUG [RepositoryClassLoader] Added url: file:/C:/NEED-EXAMPLES/jboss-4.2.2.GA/server/jboss-example/lib/commons-collections.jar, to ucl: org.jboss.mx.loading.UnifiedClassLoader3@47b1ee4{ url=null ,addedOrder=2}
19:52:10,989 DEBUG [RepositoryClassLoader] Added url: file:/C:/NEED-EXAMPLES/jboss-4.2.2.GA/server/jboss-example/lib/commons-httpclient.jar, to ucl: org.jboss.mx.loading.UnifiedClassLoader3@47b1ee4{ url=null ,addedOrder=2}
19:52:11,020 DEBUG [RepositoryClassLoader] Added url: file:/C:/NEED-EXAMPLES/jboss-4.2.2.GA/server/jboss-example/lib/commons-logging.jar, to ucl: org.jboss.mx.loading.UnifiedClassLoader3@47b1ee4{ url=null ,addedOrder=2}
19:52:11,082 DEBUG [RepositoryClassLoader] Added url: file:/C:/NEED-EXAMPLES/jboss-4.2.2.GA/server/jboss-example/lib/dom4j.jar, to ucl: org.jboss.mx.loading.UnifiedClassLoader3@47b1ee4{ url=null ,addedOrder=2}
19:52:11,098 DEBUG [RepositoryClassLoader] Added url: file:/C:/NEED-EXAMPLES/jboss-4.2.2.GA/server/jboss-example/lib/el-api.jar, to ucl: org.jboss.mx.loading.UnifiedClassLoader3@47b1ee4{ url=null ,addedOrder=2}
19:52:11,161 DEBUG [RepositoryClassLoader] Added url: file:/C:/NEED-EXAMPLES/jboss-4.2.2.GA/server/jboss-example/lib/javassist.jar, to ucl: org.jboss.mx.loading.UnifiedClassLoader3@47b1ee4{ url=null ,addedOrder=2}
19:52:11,208 DEBUG [RepositoryClassLoader] Added url: file:/C:/NEED-EXAMPLES/jboss-4.2.2.GA/server/jboss-example/lib/jaxen.jar, to ucl: org.jboss.mx.loading.UnifiedClassLoader3@47b1ee4{ url=null ,addedOrder=2}
19:52:11,286 DEBUG [RepositoryClassLoader] Added url: file:/C:/NEED-EXAMPLES/jboss-4.2.2.GA/server/jboss-example/lib/jboss-cache-jdk50.jar, to ucl: org.jboss.mx.loading.UnifiedClassLoader3@47b1ee4{ url=null ,addedOrder=2}
19:52:11,317 DEBUG [RepositoryClassLoader] Added url: file:/C:/NEED-EXAMPLES/jboss-4.2.2.GA/server/jboss-example/lib/jboss-common-jdbc-wrapper.jar, to ucl: org.jboss.mx.loading.UnifiedClassLoader3@47b1ee4{ url=null ,addedOrder=2}
19:52:11,333 DEBUG [RepositoryClassLoader] Added url: file:/C:/NEED-EXAMPLES/jboss-4.2.2.GA/server/jboss-example/lib/jboss-ejb3x.jar, to ucl: org.jboss.mx.loading.UnifiedClassLoader3@47b1ee4{ url=null ,addedOrder=2}
19:52:11,348 DEBUG [RepositoryClassLoader] Added url: file:/C:/NEED-EXAMPLES/jboss-4.2.2.GA/server/jboss-example/lib/jboss-hibernate.jar, to ucl: org.jboss.mx.loading.UnifiedClassLoader3@47b1ee4{ url=null ,addedOrder=2}
19:52:11,411 DEBUG [RepositoryClassLoader] Added url: file:/C:/NEED-EXAMPLES/jboss-4.2.2.GA/server/jboss-example/lib/jboss-j2ee.jar, to ucl: org.jboss.mx.loading.UnifiedClassLoader3@47b1ee4{ url=null ,addedOrder=2}
19:52:11,426 DEBUG [RepositoryClassLoader] Added url: file:/C:/NEED-EXAMPLES/jboss-4.2.2.GA/server/jboss-example/lib/jboss-jaxrpc.jar, to ucl: org.jboss.mx.loading.UnifiedClassLoader3@47b1ee4{ url=null ,addedOrder=2}
19:52:11,458 DEBUG [RepositoryClassLoader] Added url: file:/C:/NEED-EXAMPLES/jboss-4.2.2.GA/server/jboss-example/lib/jboss-jaxws.jar, to ucl: org.jboss.mx.loading.UnifiedClassLoader3@47b1ee4{ url=null ,addedOrder=2}
19:52:11,520 DEBUG [RepositoryClassLoader] Added url: file:/C:/NEED-EXAMPLES/jboss-4.2.2.GA/server/jboss-example/lib/jboss-jca.jar, to ucl: org.jboss.mx.loading.UnifiedClassLoader3@47b1ee4{ url=null ,addedOrder=2}
19:52:11,536 DEBUG [RepositoryClassLoader] Added url: file:/C:/NEED-EXAMPLES/jboss-4.2.2.GA/server/jboss-example/lib/jboss-jsr77.jar, to ucl: org.jboss.mx.loading.UnifiedClassLoader3@47b1ee4{ url=null ,addedOrder=2}
19:52:11,551 DEBUG [RepositoryClassLoader] Added url: file:/C:/NEED-EXAMPLES/jboss-4.2.2.GA/server/jboss-example/lib/jboss-jsr88.jar, to ucl: org.jboss.mx.loading.UnifiedClassLoader3@47b1ee4{ url=null ,addedOrder=2}
19:52:11,583 DEBUG [RepositoryClassLoader] Added url: file:/C:/NEED-EXAMPLES/jboss-4.2.2.GA/server/jboss-example/lib/jboss-management.jar, to ucl: org.jboss.mx.loading.UnifiedClassLoader3@47b1ee4{ url=null ,addedOrder=2}
19:52:11,614 DEBUG [RepositoryClassLoader] Added url: file:/C:/NEED-EXAMPLES/jboss-4.2.2.GA/server/jboss-example/lib/jboss-monitoring.jar, to ucl: org.jboss.mx.loading.UnifiedClassLoader3@47b1ee4{ url=null ,addedOrder=2}
19:52:11,614 DEBUG [RepositoryClassLoader] Added url: file:/C:/NEED-EXAMPLES/jboss-4.2.2.GA/server/jboss-example/lib/jboss-remoting-int.jar, to ucl: org.jboss.mx.loading.UnifiedClassLoader3@47b1ee4{ url=null ,addedOrder=2}
19:52:11,723 DEBUG [RepositoryClassLoader] Added url: file:/C:/NEED-EXAMPLES/jboss-4.2.2.GA/server/jboss-example/lib/jboss-remoting.jar, to ucl: org.jboss.mx.loading.UnifiedClassLoader3@47b1ee4{ url=null ,addedOrder=2}
19:52:11,755 DEBUG [RepositoryClassLoader] Added url: file:/C:/NEED-EXAMPLES/jboss-4.2.2.GA/server/jboss-example/lib/jboss-saaj.jar, to ucl: org.jboss.mx.loading.UnifiedClassLoader3@47b1ee4{ url=null ,addedOrder=2}
19:52:11,770 DEBUG [RepositoryClassLoader] Added url: file:/C:/NEED-EXAMPLES/jboss-4.2.2.GA/server/jboss-example/lib/jboss-serialization.jar, to ucl: org.jboss.mx.loading.UnifiedClassLoader3@47b1ee4{ url=null ,addedOrder=2}
19:52:11,801 DEBUG [RepositoryClassLoader] Added url: file:/C:/NEED-EXAMPLES/jboss-4.2.2.GA/server/jboss-example/lib/jboss-srp.jar, to ucl: org.jboss.mx.loading.UnifiedClassLoader3@47b1ee4{ url=null ,addedOrder=2}
19:52:11,817 DEBUG [RepositoryClassLoader] Added url: file:/C:/NEED-EXAMPLES/jboss-4.2.2.GA/server/jboss-example/lib/jboss-transaction.jar, to ucl: org.jboss.mx.loading.UnifiedClassLoader3@47b1ee4{ url=null ,addedOrder=2}
19:52:11,848 DEBUG [RepositoryClassLoader] Added url: file:/C:/NEED-EXAMPLES/jboss-4.2.2.GA/server/jboss-example/lib/jboss-vfs.jar, to ucl: org.jboss.mx.loading.UnifiedClassLoader3@47b1ee4{ url=null ,addedOrder=2}
19:52:12,098 DEBUG [RepositoryClassLoader] Added url: file:/C:/NEED-EXAMPLES/jboss-4.2.2.GA/server/jboss-example/lib/jboss.jar, to ucl: org.jboss.mx.loading.UnifiedClassLoader3@47b1ee4{ url=null ,addedOrder=2}
19:52:12,114 DEBUG [RepositoryClassLoader] Added url: file:/C:/NEED-EXAMPLES/jboss-4.2.2.GA/server/jboss-example/lib/jbossjta-integration.jar, to ucl: org.jboss.mx.loading.UnifiedClassLoader3@47b1ee4{ url=null ,addedOrder=2}
19:52:12,176 DEBUG [RepositoryClassLoader] Added url: file:/C:/NEED-EXAMPLES/jboss-4.2.2.GA/server/jboss-example/lib/jbossjta.jar, to ucl: org.jboss.mx.loading.UnifiedClassLoader3@47b1ee4{ url=null ,addedOrder=2}
19:52:12,270 DEBUG [RepositoryClassLoader] Added url: file:/C:/NEED-EXAMPLES/jboss-4.2.2.GA/server/jboss-example/lib/jbossmq.jar, to ucl: org.jboss.mx.loading.UnifiedClassLoader3@47b1ee4{ url=null ,addedOrder=2}
19:52:12,317 DEBUG [RepositoryClassLoader] Added url: file:/C:/NEED-EXAMPLES/jboss-4.2.2.GA/server/jboss-example/lib/jbosssx.jar, to ucl: org.jboss.mx.loading.UnifiedClassLoader3@47b1ee4{ url=null ,addedOrder=2}
19:52:12,333 DEBUG [RepositoryClassLoader] Added url: file:/C:/NEED-EXAMPLES/jboss-4.2.2.GA/server/jboss-example/lib/jbossts-common.jar, to ucl: org.jboss.mx.loading.UnifiedClassLoader3@47b1ee4{ url=null ,addedOrder=2}
19:52:12,364 DEBUG [RepositoryClassLoader] Added url: file:/C:/NEED-EXAMPLES/jboss-4.2.2.GA/server/jboss-example/lib/jbossws-common.jar, to ucl: org.jboss.mx.loading.UnifiedClassLoader3@47b1ee4{ url=null ,addedOrder=2}
19:52:12,380 DEBUG [RepositoryClassLoader] Added url: file:/C:/NEED-EXAMPLES/jboss-4.2.2.GA/server/jboss-example/lib/jbossws-framework.jar, to ucl: org.jboss.mx.loading.UnifiedClassLoader3@47b1ee4{ url=null ,addedOrder=2}
19:52:12,395 DEBUG [RepositoryClassLoader] Added url: file:/C:/NEED-EXAMPLES/jboss-4.2.2.GA/server/jboss-example/lib/jbossws-jboss42.jar, to ucl: org.jboss.mx.loading.UnifiedClassLoader3@47b1ee4{ url=null ,addedOrder=2}
19:52:12,411 DEBUG [RepositoryClassLoader] Added url: file:/C:/NEED-EXAMPLES/jboss-4.2.2.GA/server/jboss-example/lib/jbossws-spi.jar, to ucl: org.jboss.mx.loading.UnifiedClassLoader3@47b1ee4{ url=null ,addedOrder=2}
19:52:12,442 DEBUG [RepositoryClassLoader] Added url: file:/C:/NEED-EXAMPLES/jboss-4.2.2.GA/server/jboss-example/lib/jmx-adaptor-plugin.jar, to ucl: org.jboss.mx.loading.UnifiedClassLoader3@47b1ee4{ url=null ,addedOrder=2}
19:52:12,458 DEBUG [RepositoryClassLoader] Added url: file:/C:/NEED-EXAMPLES/jboss-4.2.2.GA/server/jboss-example/lib/jnpserver.jar, to ucl: org.jboss.mx.loading.UnifiedClassLoader3@47b1ee4{ url=null ,addedOrder=2}
19:52:12,489 DEBUG [RepositoryClassLoader] Added url: file:/C:/NEED-EXAMPLES/jboss-4.2.2.GA/server/jboss-example/lib/joesnmp.jar, to ucl: org.jboss.mx.loading.UnifiedClassLoader3@47b1ee4{ url=null ,addedOrder=2}
19:52:12,505 DEBUG [RepositoryClassLoader] Added url: file:/C:/NEED-EXAMPLES/jboss-4.2.2.GA/server/jboss-example/lib/jpl-pattern.jar, to ucl: org.jboss.mx.loading.UnifiedClassLoader3@47b1ee4{ url=null ,addedOrder=2}
19:52:12,520 DEBUG [RepositoryClassLoader] Added url: file:/C:/NEED-EXAMPLES/jboss-4.2.2.GA/server/jboss-example/lib/jpl-util.jar, to ucl: org.jboss.mx.loading.UnifiedClassLoader3@47b1ee4{ url=null ,addedOrder=2}
19:52:12,551 DEBUG [RepositoryClassLoader] Added url: file:/C:/NEED-EXAMPLES/jboss-4.2.2.GA/server/jboss-example/lib/jsp-api.jar, to ucl: org.jboss.mx.loading.UnifiedClassLoader3@47b1ee4{ url=null ,addedOrder=2}
19:52:12,567 DEBUG [RepositoryClassLoader] Added url: file:/C:/NEED-EXAMPLES/jboss-4.2.2.GA/server/jboss-example/lib/log4j-snmp-appender.jar, to ucl: org.jboss.mx.loading.UnifiedClassLoader3@47b1ee4{ url=null ,addedOrder=2}
19:52:12,614 DEBUG [RepositoryClassLoader] Added url: file:/C:/NEED-EXAMPLES/jboss-4.2.2.GA/server/jboss-example/lib/log4j.jar, to ucl: org.jboss.mx.loading.UnifiedClassLoader3@47b1ee4{ url=null ,addedOrder=2}
19:52:12,630 DEBUG [RepositoryClassLoader] Added url: file:/C:/NEED-EXAMPLES/jboss-4.2.2.GA/server/jboss-example/lib/mail-plugin.jar, to ucl: org.jboss.mx.loading.UnifiedClassLoader3@47b1ee4{ url=null ,addedOrder=2}
19:52:12,692 DEBUG [RepositoryClassLoader] Added url: file:/C:/NEED-EXAMPLES/jboss-4.2.2.GA/server/jboss-example/lib/mail.jar, to ucl: org.jboss.mx.loading.UnifiedClassLoader3@47b1ee4{ url=null ,addedOrder=2}
19:52:12,786 DEBUG [RepositoryClassLoader] Added url: file:/C:/NEED-EXAMPLES/jboss-4.2.2.GA/server/jboss-example/lib/mysql-connector-java-5.1.14.jar, to ucl: org.jboss.mx.loading.UnifiedClassLoader3@47b1ee4{ url=null ,addedOrder=2}
19:52:12,786 DEBUG [RepositoryClassLoader] Added url: file:/C:/NEED-EXAMPLES/jboss-4.2.2.GA/server/jboss-example/lib/properties-plugin.jar, to ucl: org.jboss.mx.loading.UnifiedClassLoader3@47b1ee4{ url=null ,addedOrder=2}
19:52:12,833 DEBUG [RepositoryClassLoader] Added url: file:/C:/NEED-EXAMPLES/jboss-4.2.2.GA/server/jboss-example/lib/quartz.jar, to ucl: org.jboss.mx.loading.UnifiedClassLoader3@47b1ee4{ url=null ,addedOrder=2}
19:52:12,848 DEBUG [RepositoryClassLoader] Added url: file:/C:/NEED-EXAMPLES/jboss-4.2.2.GA/server/jboss-example/lib/scheduler-plugin-example.jar, to ucl: org.jboss.mx.loading.UnifiedClassLoader3@47b1ee4{ url=null ,addedOrder=2}
19:52:12,864 DEBUG [RepositoryClassLoader] Added url: file:/C:/NEED-EXAMPLES/jboss-4.2.2.GA/server/jboss-example/lib/scheduler-plugin.jar, to ucl: org.jboss.mx.loading.UnifiedClassLoader3@47b1ee4{ url=null ,addedOrder=2}
19:52:12,895 DEBUG [RepositoryClassLoader] Added url: file:/C:/NEED-EXAMPLES/jboss-4.2.2.GA/server/jboss-example/lib/servlet-api.jar, to ucl: org.jboss.mx.loading.UnifiedClassLoader3@47b1ee4{ url=null ,addedOrder=2}
19:52:12,911 DEBUG [RepositoryClassLoader] Added url: file:/C:/NEED-EXAMPLES/jboss-4.2.2.GA/server/jboss-example/lib/xmlentitymgr.jar, to ucl: org.jboss.mx.loading.UnifiedClassLoader3@47b1ee4{ url=null ,addedOrder=2}
19:52:12,911 DEBUG [MainDeployer] found 0 subpackages of file:/C:/NEED-EXAMPLES/jboss-4.2.2.GA/server/jboss-example/conf/jboss-service.xml
19:52:12,911 DEBUG [MainDeployer] Watching new file: file:/C:/NEED-EXAMPLES/jboss-4.2.2.GA/server/jboss-example/conf/jboss-service.xml
19:52:12,911 DEBUG [MainDeployer] create step for deployment file:/C:/NEED-EXAMPLES/jboss-4.2.2.GA/server/jboss-example/conf/jboss-service.xml
19:52:12,911 DEBUG [SARDeployer] Deploying SAR, create step: url file:/C:/NEED-EXAMPLES/jboss-4.2.2.GA/server/jboss-example/conf/jboss-service.xml
19:52:12,911 DEBUG [SARDeployer] Registering service UCL=jmx.loading:UCL=47b1ee4
19:52:12,926 DEBUG [ServiceCreator] About to create bean: jboss.management.local:j2eeType=J2EEDomain,name=Manager with code: org.jboss.management.j2ee.LocalJBossServerDomain
19:52:13,161 DEBUG [ServiceCreator] Created bean: jboss.management.local:j2eeType=J2EEDomain,name=Manager
19:52:13,161 DEBUG [ServiceConfigurator] MainDeployer set to jboss.system:service=MainDeployer in jboss.management.local:j2eeType=J2EEDomain,name=Manager
19:52:13,161 DEBUG [ServiceConfigurator] SARDeployer set to jboss.system:service=ServiceDeployer in jboss.management.local:j2eeType=J2EEDomain,name=Manager
19:52:13,176 DEBUG [ServiceConfigurator] EARDeployer set to jboss.j2ee:service=EARDeployer in jboss.management.local:j2eeType=J2EEDomain,name=Manager
19:52:13,176 DEBUG [ServiceConfigurator] EJBDeployer set to jboss.ejb:service=EJBDeployer in jboss.management.local:j2eeType=J2EEDomain,name=Manager
19:52:13,176 DEBUG [ServiceConfigurator] RARDeployer set to jboss.jca:service=RARDeployer in jboss.management.local:j2eeType=J2EEDomain,name=Manager
19:52:13,176 DEBUG [ServiceConfigurator] CMDeployer set to jboss.jca:service=ConnectionFactoryDeployer in jboss.management.local:j2eeType=J2EEDomain,name=Manager
19:52:13,176 DEBUG [ServiceConfigurator] WARDeployer set to jboss.web:service=WebServer in jboss.management.local:j2eeType=J2EEDomain,name=Manager
19:52:13,176 DEBUG [ServiceConfigurator] CARDeployer set to jboss.j2ee:service=ClientDeployer in jboss.management.local:j2eeType=J2EEDomain,name=Manager
19:52:13,176 DEBUG [ServiceConfigurator] MailService set to jboss:service=Mail in jboss.management.local:j2eeType=J2EEDomain,name=Manager
19:52:13,176 DEBUG [ServiceConfigurator] JMSService set to jboss.mq:service=DestinationManager in jboss.management.local:j2eeType=J2EEDomain,name=Manager
19:52:13,176 DEBUG [ServiceConfigurator] JNDIService set to jboss:service=Naming in jboss.management.local:j2eeType=J2EEDomain,name=Manager
19:52:13,176 DEBUG [ServiceConfigurator] JTAService set to jboss:service=TransactionManager in jboss.management.local:j2eeType=J2EEDomain,name=Manager
19:52:13,176 DEBUG [ServiceConfigurator] UserTransactionService set to jboss:service=ClientUserTransaction in jboss.management.local:j2eeType=J2EEDomain,name=Manager
19:52:13,176 DEBUG [ServiceConfigurator] RMI_IIOPService set to jboss:service=CorbaORB in jboss.management.local:j2eeType=J2EEDomain,name=Manager
19:52:13,176 DEBUG [ServiceCreator] About to create xmbean object: jboss:service=AttributePersistenceService with code: org.jboss.system.pm.AttributePersistenceService with descriptor: resource:xmdesc/AttributePersistenceService-xmbean.xml
19:52:13,255 DEBUG [ModelMBeanInvoker] Loaded persistence mgr: org.jboss.mx.persistence.ObjectStreamPersistenceManager
19:52:13,255 DEBUG [ObjectStreamPersistenceManager] load, resource:org.jboss.system.pm.AttributePersistenceService@17dc5237
19:52:13,255 DEBUG [ObjectStreamPersistenceManager] Store file is: C:\NEED-EXAMPLES\jboss-4.2.2.GA\server\jboss-example\data\xmbean-attrs\AttributePersistenceService.ser
19:52:13,255 DEBUG [ServiceCreator] Created bean: jboss:service=AttributePersistenceService
19:52:13,255 DEBUG [ServiceCreator] About to create bean: jboss.system:service=ThreadPool with code: org.jboss.util.threadpool.BasicThreadPool
19:52:13,333 DEBUG [ServiceCreator] Created bean: jboss.system:service=ThreadPool
19:52:13,333 DEBUG [ServiceConfigurator] Name set to JBoss System Threads in jboss.system:service=ThreadPool
19:52:13,333 DEBUG [ServiceConfigurator] ThreadGroupName set to System Threads in jboss.system:service=ThreadPool
19:52:13,333 DEBUG [ServiceConfigurator] KeepAliveTime set to 60000 in jboss.system:service=ThreadPool
19:52:13,333 DEBUG [ServiceConfigurator] MaximumPoolSize set to 10 in jboss.system:service=ThreadPool
19:52:13,333 DEBUG [ServiceConfigurator] MaximumQueueSize set to 1000 in jboss.system:service=ThreadPool
19:52:13,333 DEBUG [ServiceConfigurator] BlockingMode set to run in jboss.system:service=ThreadPool
19:52:13,333 DEBUG [ServiceCreator] About to create xmbean object: jboss.system:type=Log4jService,service=Logging with code: org.jboss.logging.Log4jService with descriptor: resource:xmdesc/Log4jService-xmbean.xml
19:52:13,427 DEBUG [ServiceCreator] Created bean: jboss.system:type=Log4jService,service=Logging
19:52:13,427 DEBUG [ServiceConfigurator] ConfigurationURL set to resource:jboss-log4j.xml in jboss.system:type=Log4jService,service=Logging
19:52:13,427 DEBUG [ServiceConfigurator] Log4jQuietMode set to true in jboss.system:type=Log4jService,service=Logging
19:52:13,427 DEBUG [ServiceConfigurator] RefreshPeriod set to 60 in jboss.system:type=Log4jService,service=Logging
19:52:13,427 DEBUG [ServiceCreator] About to create bean: jboss.rmi:type=RMIClassLoader with code: org.jboss.util.property.jmx.SystemPropertyClassValue
19:52:13,442 DEBUG [ServiceCreator] Created bean: jboss.rmi:type=RMIClassLoader
19:52:13,442 DEBUG [ServiceConfigurator] Property set to java.rmi.server.RMIClassLoaderSpi in jboss.rmi:type=RMIClassLoader
19:52:13,442 DEBUG [ServiceConfigurator] ClassName set to org.jboss.system.JBossRMIClassLoader in jboss.rmi:type=RMIClassLoader
19:52:13,442 DEBUG [ServiceCreator] About to create bean: jboss:service=WebService with code: org.jboss.web.WebService
19:52:13,489 DEBUG [ServiceCreator] Created bean: jboss:service=WebService
19:52:13,489 DEBUG [ServiceConfigurator] BindAddress set to 0.0.0.0 in jboss:service=WebService
19:52:13,489 DEBUG [ServiceConfigurator] Port set to 8083 in jboss:service=WebService
19:52:13,489 DEBUG [ServiceConfigurator] Host set to BABEGIRL in jboss:service=WebService
19:52:13,489 DEBUG [ServiceConfigurator] DownloadServerClasses set to true in jboss:service=WebService
19:52:13,489 DEBUG [ServiceConfigurator] DownloadResources set to false in jboss:service=WebService
19:52:13,505 DEBUG [ServiceController] recording that jboss:service=WebService depends on jboss.system:service=ThreadPool
19:52:13,505 DEBUG [ServiceConfigurator] considering ThreadPool with object name jboss.system:service=ThreadPool
19:52:13,505 DEBUG [ServiceCreator] About to create xmbean object: jboss:service=NamingBeanImpl with code: org.jnp.server.NamingBeanImpl with descriptor: resource:xmdesc/NamingBean-xmbean.xml
19:52:13,614 DEBUG [ServiceCreator] Created bean: jboss:service=NamingBeanImpl
19:52:13,614 DEBUG [ServiceCreator] About to create xmbean object: jboss:service=Naming with code: org.jboss.naming.NamingService with descriptor: resource:xmdesc/NamingService-xmbean.xml
19:52:13,724 DEBUG [ModelMBeanInvoker] Ignoring obsolete legacy interceptor: org.jboss.mx.interceptor.PersistenceInterceptor2
19:52:13,724 DEBUG [ModelMBeanInvoker] Ignoring obsolete legacy interceptor: org.jboss.mx.interceptor.ModelMBeanInterceptor
19:52:13,724 DEBUG [ModelMBeanInvoker] Ignoring obsolete legacy interceptor: org.jboss.mx.interceptor.ObjectReferenceInterceptor
19:52:13,739 DEBUG [ServiceCreator] Created bean: jboss:service=Naming
19:52:13,739 DEBUG [ServiceConfigurator] CallByValue set to false in jboss:service=Naming
19:52:13,739 DEBUG [ServiceConfigurator] Port set to 1099 in jboss:service=Naming
19:52:13,739 DEBUG [ServiceConfigurator] BindAddress set to 0.0.0.0 in jboss:service=Naming
19:52:13,739 DEBUG [ServiceConfigurator] RmiPort set to 1098 in jboss:service=Naming
19:52:13,739 DEBUG [ServiceConfigurator] RmiBindAddress set to 0.0.0.0 in jboss:service=Naming
19:52:13,739 DEBUG [ServiceController] recording that jboss:service=Naming depends on jboss.system:service=ThreadPool
19:52:13,739 DEBUG [ServiceConfigurator] considering LookupPool with object name jboss.system:service=ThreadPool
19:52:13,755 DEBUG [ServiceController] recording that jboss:service=Naming depends on jboss:service=NamingBeanImpl
19:52:13,755 DEBUG [ServiceConfigurator] considering Naming with object name jboss:service=NamingBeanImpl
19:52:13,755 DEBUG [ServiceCreator] About to create xmbean object: jboss:service=JNDIView with code: org.jboss.naming.JNDIView with descriptor: resource:xmdesc/JNDIView-xmbean.xml
19:52:13,802 DEBUG [ServiceCreator] Created bean: jboss:service=JNDIView
19:52:13,802 DEBUG [ServiceConfigurator] HANamingService set to jboss:service=HAJNDI in jboss:service=JNDIView
19:52:13,802 DEBUG [ServiceCreator] About to create bean: jboss.security:service=SecurityConfig with code: org.jboss.security.plugins.SecurityConfig
19:52:13,817 DEBUG [ServiceCreator] Created bean: jboss.security:service=SecurityConfig
19:52:13,817 DEBUG [ServiceConfigurator] LoginConfig set to jboss.security:service=XMLLoginConfig in jboss.security:service=SecurityConfig
19:52:13,817 DEBUG [ServiceCreator] About to create bean: jboss.security:service=XMLLoginConfig with code: org.jboss.security.auth.login.XMLLoginConfig
19:52:13,864 DEBUG [ServiceCreator] Created bean: jboss.security:service=XMLLoginConfig
19:52:13,864 DEBUG [ServiceConfigurator] ConfigResource set to login-config.xml in jboss.security:service=XMLLoginConfig
19:52:13,864 DEBUG [ServiceCreator] About to create bean: jboss.security:service=JaasSecurityManager with code: org.jboss.security.plugins.JaasSecurityManagerService
19:52:13,942 DEBUG [ServiceCreator] Created bean: jboss.security:service=JaasSecurityManager
19:52:13,942 DEBUG [ServiceConfigurator] ServerMode set to true in jboss.security:service=JaasSecurityManager
19:52:13,942 DEBUG [ServiceConfigurator] SecurityManagerClassName set to org.jboss.security.plugins.JaasSecurityManager in jboss.security:service=JaasSecurityManager
19:52:13,942 DEBUG [ServiceConfigurator] DefaultUnauthenticatedPrincipal set to anonymous in jboss.security:service=JaasSecurityManager
19:52:13,942 DEBUG [ServiceConfigurator] DefaultCacheTimeout set to 1800 in jboss.security:service=JaasSecurityManager
19:52:13,942 DEBUG [ServiceConfigurator] DefaultCacheResolution set to 60 in jboss.security:service=JaasSecurityManager
19:52:13,942 DEBUG [ServiceConfigurator] DeepCopySubjectMode set to false in jboss.security:service=JaasSecurityManager
19:52:13,942 DEBUG [JaasSecurityManagerService] setDeepCopySubjectMode=false
19:52:13,942 DEBUG [ServiceCreator] About to create bean: jboss:service=XidFactory with code: org.jboss.tm.XidFactory
19:52:13,974 DEBUG [ServiceCreator] Created bean: jboss:service=XidFactory
19:52:13,974 DEBUG [ServiceCreator] About to create bean: jboss:service=TransactionManager with code: com.arjuna.ats.jbossatx.jta.TransactionManagerService
19:52:14,083 DEBUG [ServiceCreator] Created bean: jboss:service=TransactionManager
19:52:14,083 DEBUG [ServiceConfigurator] TransactionTimeout set to 300 in jboss:service=TransactionManager
19:52:14,083 DEBUG [ServiceConfigurator] ObjectStoreDir set to C:\NEED-EXAMPLES\jboss-4.2.2.GA\server\jboss-example\data/tx-object-store in jboss:service=TransactionManager
19:52:14,099 DEBUG [ServiceCreator] About to create xmbean object: jboss:service=ClientUserTransaction with code: org.jboss.tm.usertx.server.ClientUserTransactionService with descriptor: resource:xmdesc/ClientUserTransaction-xmbean.xml
19:52:14,145 DEBUG [ServiceCreator] Created bean: jboss:service=ClientUserTransaction
19:52:14,145 DEBUG [ServiceCreator] About to create bean: jboss:service=proxyFactory,target=ClientUserTransactionFactory with code: org.jboss.invocation.jrmp.server.JRMPProxyFactory
19:52:14,161 DEBUG [ServiceCreator] Created bean: jboss:service=proxyFactory,target=ClientUserTransactionFactory
19:52:14,161 DEBUG [ServiceConfigurator] InvokerName set to jboss:service=invoker,type=jrmp in jboss:service=proxyFactory,target=ClientUserTransactionFactory
19:52:14,177 DEBUG [ServiceConfigurator] TargetName set to jboss:service=ClientUserTransaction in jboss:service=proxyFactory,target=ClientUserTransactionFactory
19:52:14,177 DEBUG [ServiceConfigurator] JndiName set to UserTransactionSessionFactory in jboss:service=proxyFactory,target=ClientUserTransactionFactory
19:52:14,177 DEBUG [ServiceConfigurator] ExportedInterface set to interface org.jboss.tm.usertx.interfaces.UserTransactionSessionFactory in jboss:service=proxyFactory,target=ClientUserTransactionFactory
19:52:14,192 DEBUG [ServiceConfigurator] ClientInterceptors set to [interceptors: null] in jboss:service=proxyFactory,target=ClientUserTransactionFactory
19:52:14,192 DEBUG [JRMPProxyFactory] added interceptor type: class org.jboss.proxy.ClientMethodInterceptor
19:52:14,192 DEBUG [JRMPProxyFactory] added interceptor type: class org.jboss.invocation.InvokerInterceptor
19:52:14,192 DEBUG [ServiceController] recording that jboss:service=proxyFactory,target=ClientUserTransactionFactory depends on jboss:service=invoker,type=jrmp
19:52:14,192 DEBUG [ServiceConfigurator] considering <anonymous> with object name jboss:service=invoker,type=jrmp
19:52:14,192 DEBUG [ServiceController] recording that jboss:service=ClientUserTransaction depends on jboss:service=proxyFactory,target=ClientUserTransactionFactory
19:52:14,192 DEBUG [ServiceConfigurator] considering <anonymous> with object name jboss:service=proxyFactory,target=ClientUserTransactionFactory
19:52:14,192 DEBUG [ServiceCreator] About to create bean: jboss:service=proxyFactory,target=ClientUserTransaction with code: org.jboss.invocation.jrmp.server.JRMPProxyFactory
19:52:14,208 DEBUG [ServiceCreator] Created bean: jboss:service=proxyFactory,target=ClientUserTransaction
19:52:14,208 DEBUG [ServiceConfigurator] InvokerName set to jboss:service=invoker,type=jrmp in jboss:service=proxyFactory,target=ClientUserTransaction
19:52:14,208 DEBUG [ServiceConfigurator] TargetName set to jboss:service=ClientUserTransaction in jboss:service=proxyFactory,target=ClientUserTransaction
19:52:14,208 DEBUG [ServiceConfigurator] ExportedInterface set to interface org.jboss.tm.usertx.interfaces.UserTransactionSession in jboss:service=proxyFactory,target=ClientUserTransaction
19:52:14,208 DEBUG [ServiceConfigurator] ClientInterceptors set to [interceptors: null] in jboss:service=proxyFactory,target=ClientUserTransaction
19:52:14,208 DEBUG [JRMPProxyFactory] added interceptor type: class org.jboss.proxy.ClientMethodInterceptor
19:52:14,208 DEBUG [JRMPProxyFactory] added interceptor type: class org.jboss.invocation.InvokerInterceptor
19:52:14,208 DEBUG [ServiceController] recording that jboss:service=proxyFactory,target=ClientUserTransaction depends on jboss:service=invoker,type=jrmp
19:52:14,208 DEBUG [ServiceConfigurator] considering <anonymous> with object name jboss:service=invoker,type=jrmp
19:52:14,208 DEBUG [ServiceController] recording that jboss:service=ClientUserTransaction depends on jboss:service=proxyFactory,target=ClientUserTransaction
19:52:14,208 DEBUG [ServiceConfigurator] considering TxProxyName with object name jboss:service=proxyFactory,target=ClientUserTransaction
19:52:14,208 DEBUG [ServiceCreator] About to create bean: jboss:service=invoker,type=unified with code: org.jboss.invocation.unified.server.UnifiedInvoker
19:52:14,239 DEBUG [ServiceCreator] Created bean: jboss:service=invoker,type=unified
19:52:14,239 DEBUG [ServiceController] recording that jboss:service=invoker,type=unified depends on jboss:service=TransactionManager
19:52:14,239 DEBUG [ServiceConfigurator] considering <anonymous> with object name jboss:service=TransactionManager
19:52:14,239 DEBUG [ServiceController] recording that jboss:service=invoker,type=unified depends on jboss.remoting:service=Connector,transport=socket
19:52:14,239 DEBUG [ServiceConfigurator] considering <anonymous> with object name jboss.remoting:service=Connector,transport=socket
19:52:14,239 DEBUG [ServiceCreator] About to create bean: jboss:service=invoker,type=jrmp with code: org.jboss.invocation.jrmp.server.JRMPInvoker
19:52:14,317 DEBUG [ServiceCreator] Created bean: jboss:service=invoker,type=jrmp
19:52:14,317 DEBUG [ServiceConfigurator] RMIObjectPort set to 4444 in jboss:service=invoker,type=jrmp
19:52:14,333 DEBUG [ServiceConfigurator] ServerAddress set to 0.0.0.0 in jboss:service=invoker,type=jrmp
19:52:14,333 DEBUG [ServiceController] recording that jboss:service=invoker,type=jrmp depends on jboss:service=TransactionManager
19:52:14,333 DEBUG [ServiceConfigurator] considering <anonymous> with object name jboss:service=TransactionManager
19:52:14,333 DEBUG [ServiceCreator] About to create bean: jboss:service=invoker,type=local with code: org.jboss.invocation.local.LocalInvoker
19:52:14,333 DEBUG [ServiceCreator] Created bean: jboss:service=invoker,type=local
19:52:14,333 DEBUG [ServiceController] recording that jboss:service=invoker,type=local depends on jboss:service=TransactionManager
19:52:14,333 DEBUG [ServiceConfigurator] considering <anonymous> with object name jboss:service=TransactionManager
19:52:14,333 DEBUG [ServiceCreator] About to create bean: jboss:service=invoker,type=pooled with code: org.jboss.invocation.pooled.server.PooledInvoker
19:52:14,364 DEBUG [ServiceCreator] Created bean: jboss:service=invoker,type=pooled
19:52:14,364 DEBUG [ServiceConfigurator] NumAcceptThreads set to 1 in jboss:service=invoker,type=pooled
19:52:14,364 DEBUG [ServiceConfigurator] MaxPoolSize set to 300 in jboss:service=invoker,type=pooled
19:52:14,364 DEBUG [ServiceConfigurator] ClientMaxPoolSize set to 300 in jboss:service=invoker,type=pooled
19:52:14,364 DEBUG [ServiceConfigurator] SocketTimeout set to 60000 in jboss:service=invoker,type=pooled
19:52:14,364 DEBUG [ServiceConfigurator] ServerBindAddress set to 0.0.0.0 in jboss:service=invoker,type=pooled
19:52:14,364 DEBUG [ServiceConfigurator] ServerBindPort set to 4445 in jboss:service=invoker,type=pooled
19:52:14,364 DEBUG [ServiceConfigurator] ClientConnectAddress set to 0.0.0.0 in jboss:service=invoker,type=pooled
19:52:14,380 DEBUG [ServiceConfigurator] ClientConnectPort set to 0 in jboss:service=invoker,type=pooled
19:52:14,380 DEBUG [ServiceConfigurator] ClientRetryCount set to 1 in jboss:service=invoker,type=pooled
19:52:14,380 DEBUG [ServiceConfigurator] EnableTcpNoDelay set to false in jboss:service=invoker,type=pooled
19:52:14,380 DEBUG [ServiceController] recording that jboss:service=invoker,type=pooled depends on jboss:service=TransactionManager
19:52:14,380 DEBUG [ServiceConfigurator] considering TransactionManagerService with object name jboss:service=TransactionManager
19:52:14,380 DEBUG [ServiceCreator] About to create bean: jboss.remoting:service=NetworkRegistry with code: org.jboss.remoting.network.NetworkRegistry
19:52:14,411 DEBUG [ServiceCreator] Created bean: jboss.remoting:service=NetworkRegistry
19:52:14,411 DEBUG [ServiceCreator] About to create bean: jboss.remoting:service=Connector,transport=socket with code: org.jboss.remoting.transport.Connector
19:52:14,411 DEBUG [ServiceCreator] Created bean: jboss.remoting:service=Connector,transport=socket
19:52:14,427 DEBUG [ServiceConfigurator] Configuration set to [config: null] in jboss.remoting:service=Connector,transport=socket
19:52:14,427 DEBUG [ServiceController] recording that jboss.remoting:service=Connector,transport=socket depends on jboss.remoting:service=NetworkRegistry
19:52:14,427 DEBUG [ServiceConfigurator] considering <anonymous> with object name jboss.remoting:service=NetworkRegistry
19:52:14,427 DEBUG [ServiceCreator] About to create bean: jboss.jdbc:service=metadata with code: org.jboss.ejb.plugins.cmp.jdbc.metadata.MetaDataLibrary
19:52:14,458 DEBUG [ServiceCreator] Created bean: jboss.jdbc:service=metadata
19:52:14,458 DEBUG [ServiceCreator] About to create bean: jboss.deployment:type=DeploymentScanner,flavor=URL with code: org.jboss.deployment.scanner.URLDeploymentScanner
19:52:14,489 DEBUG [ServiceCreator] Created bean: jboss.deployment:type=DeploymentScanner,flavor=URL
19:52:14,489 DEBUG [ServiceController] recording that jboss.deployment:type=DeploymentScanner,flavor=URL depends on jboss.system:service=MainDeployer
19:52:14,489 DEBUG [ServiceConfigurator] considering Deployer with object name jboss.system:service=MainDeployer
19:52:14,505 DEBUG [ServiceConfigurator] URLComparator set to org.jboss.deployment.DeploymentSorter in jboss.deployment:type=DeploymentScanner,flavor=URL
19:52:14,520 DEBUG [ServiceConfigurator] FilterInstance set to org.jboss.deployment.scanner.DeploymentFilter@77dacebf in jboss.deployment:type=DeploymentScanner,flavor=URL
19:52:14,520 DEBUG [ServiceConfigurator] ScanPeriod set to 5000 in jboss.deployment:type=DeploymentScanner,flavor=URL
19:52:14,520 DEBUG [ServiceConfigurator] ScanEnabled set to true in jboss.deployment:type=DeploymentScanner,flavor=URL
19:52:14,520 DEBUG [ServiceConfigurator] URLs set to deploy/ in jboss.deployment:type=DeploymentScanner,flavor=URL
19:52:14,520 DEBUG [URLDeploymentScanner] Adding URL from spec: deploy/
19:52:14,520 DEBUG [URLDeploymentScanner] URL: file:/C:/NEED-EXAMPLES/jboss-4.2.2.GA/server/jboss-example/deploy/
19:52:14,520 DEBUG [URLDeploymentScanner] Added url: file:/C:/NEED-EXAMPLES/jboss-4.2.2.GA/server/jboss-example/deploy/
19:52:14,520 DEBUG [URLDeploymentScanner] URL list: [file:/C:/NEED-EXAMPLES/jboss-4.2.2.GA/server/jboss-example/deploy/]
19:52:14,520 DEBUG [ServiceConfigurator] RecursiveSearch set to true in jboss.deployment:type=DeploymentScanner,flavor=URL
19:52:14,520 DEBUG [ServiceController] Creating service jboss.management.local:j2eeType=J2EEDomain,name=Manager
19:52:14,520 DEBUG [LocalJBossServerDomain] Creating jboss.management.local:j2eeType=J2EEDomain,name=Manager
19:52:14,520 DEBUG [LocalJBossServerDomain] setupJ2EEMBeans(), create J2EEServer instance
19:52:14,536 DEBUG [J2EEDomain] ctor, name: jboss.management.local:name=jboss.management.local,j2eeType=J2EEDomain
19:52:14,536 DEBUG [J2EEDomain] postRegister(), parent: null
19:52:14,567 DEBUG [J2EEServer] postRegister(), parent: jboss.management.local:j2eeType=J2EEDomain,name=jboss.management.local
19:52:14,599 DEBUG [JVM] postRegister(), parent: jboss.management.local:j2eeType=J2EEServer,name=Local
19:52:14,630 DEBUG [LocalJBossServerDomain] Registered as listener of: jboss.system:service=ServiceController
19:52:14,708 DEBUG [LocalJBossServerDomain] Registering with all deployers, mainDeployer=jboss.system:service=MainDeployer
19:52:14,724 DEBUG [LocalJBossServerDomain] Getting current deployers
19:52:14,724 DEBUG [LocalJBossServerDomain] Registering as listener of deployer: jboss.system:service=ServiceDeployer
19:52:14,724 DEBUG [LocalJBossServerDomain] Registering as listener of deployer: jboss.system:service=JARDeployer
19:52:14,724 DEBUG [LocalJBossServerDomain] Created jboss.management.local:j2eeType=J2EEDomain,name=Manager
19:52:14,724 DEBUG [LocalJBossServerDomain] handleNotification: javax.management.Notification[source=jboss.system:service=ServiceController][type=org.jboss.system.ServiceMBean.create][message=]
19:52:14,724 DEBUG [DefaultManagedObjectFactoryMap] Failed to find factory for event: javax.management.Notification[source=jboss.system:service=ServiceController][type=org.jboss.system.ServiceMBean.create][message=]
19:52:14,724 DEBUG [ServiceController] Creating dependent components for: jboss.management.local:j2eeType=J2EEDomain,name=Manager dependents are: []
19:52:14,724 DEBUG [ServiceController] Creating service jboss:service=AttributePersistenceService
19:52:14,724 DEBUG [AttributePersistenceService] Creating jboss:service=AttributePersistenceService
19:52:14,724 DEBUG [AttributePersistenceService] Created jboss:service=AttributePersistenceService
19:52:14,724 DEBUG [LocalJBossServerDomain] handleNotification: javax.management.Notification[source=jboss.system:service=ServiceController][type=org.jboss.system.ServiceMBean.create][message=]
19:52:14,724 DEBUG [DefaultManagedObjectFactoryMap] Failed to find factory for event: javax.management.Notification[source=jboss.system:service=ServiceController][type=org.jboss.system.ServiceMBean.create][message=]
19:52:14,724 DEBUG [ServiceController] Creating dependent components for: jboss:service=AttributePersistenceService dependents are: []
19:52:14,724 DEBUG [ServiceController] Creating service jboss.system:service=ThreadPool
19:52:14,724 DEBUG [LocalJBossServerDomain] handleNotification: javax.management.Notification[source=jboss.system:service=ServiceController][type=org.jboss.system.ServiceMBean.create][message=]
19:52:14,724 DEBUG [DefaultManagedObjectFactoryMap] Failed to find factory for event: javax.management.Notification[source=jboss.system:service=ServiceController][type=org.jboss.system.ServiceMBean.create][message=]
19:52:14,724 DEBUG [ServiceController] Creating dependent components for: jboss.system:service=ThreadPool dependents are: [ObjectName: jboss:service=WebService
  State: CONFIGURED
  I Depend On:
    jboss.system:service=ThreadPool
, ObjectName: jboss:service=Naming
  State: CONFIGURED
  I Depend On:
    jboss.system:service=ThreadPool
    jboss:service=NamingBeanImpl
]
19:52:14,724 DEBUG [ServiceController] Creating service jboss:service=WebService
19:52:14,724 DEBUG [WebService] Creating jboss:service=WebService
19:52:14,739 INFO  [WebService] Using RMI server codebase: http://BABEGIRL:8083/
19:52:14,739 DEBUG [WebService] Created jboss:service=WebService
19:52:14,739 DEBUG [LocalJBossServerDomain] handleNotification: javax.management.Notification[source=jboss.system:service=ServiceController][type=org.jboss.system.ServiceMBean.create][message=]
19:52:14,739 DEBUG [DefaultManagedObjectFactoryMap] Failed to find factory for event: javax.management.Notification[source=jboss.system:service=ServiceController][type=org.jboss.system.ServiceMBean.create][message=]
19:52:14,739 DEBUG [ServiceController] Creating dependent components for: jboss:service=WebService dependents are: []
19:52:14,739 DEBUG [ServiceController] Creating service jboss:service=Naming
19:52:14,739 DEBUG [ServiceController] waiting in create of jboss:service=Naming waiting on jboss:service=NamingBeanImpl
19:52:14,739 DEBUG [ServiceController] Creating service jboss.system:type=Log4jService,service=Logging
19:52:14,739 DEBUG [Log4jService] Creating jboss.system:type=Log4jService,service=Logging
19:52:14,739 INFO  [Log4jService$URLWatchTimerTask] Configuring from URL: resource:jboss-log4j.xml
